<?xml version="1.0" encoding="UTF-8"?>
<!-- Generated by org.testng.reporters.JUnitReportReporter -->
<testsuite skipped="0" hostname="THR008-QA" name="WebElements.Day4" tests="1" failures="0" timestamp="30 Sep 2017 04:19:23 GMT" time="8.590" errors="0">
  <testcase name="login" time="8.590" classname="WebElements.Day4"/>
</testsuite> <!-- WebElements.Day4 -->
