<?xml version="1.0" encoding="UTF-8"?>
<!-- Generated by org.testng.reporters.JUnitReportReporter -->
<testsuite skipped="0" hostname="THR008-QA" name="WebElements.methodWriter" tests="1" failures="0" timestamp="29 Sep 2017 18:40:36 GMT" time="0.938" errors="0">
  <testcase name="numberOfDataRows" time="0.938" classname="WebElements.methodWriter"/>
</testsuite> <!-- WebElements.methodWriter -->
