<?xml version="1.0" encoding="UTF-8"?>
<!-- Generated by org.testng.reporters.JUnitReportReporter -->
<testsuite skipped="0" hostname="THR008-QA" name="WebElements.Day3" tests="1" failures="0" timestamp="27 Sep 2017 20:46:44 GMT" time="0.970" errors="0">
  <testcase name="managerLogin" time="0.970" classname="WebElements.Day3"/>
</testsuite> <!-- WebElements.Day3 -->
