<?xml version="1.0" encoding="UTF-8"?>
<!-- Generated by org.testng.reporters.JUnitReportReporter -->
<testsuite skipped="0" hostname="THR008-QA" name="WebElements.Day2" tests="1" failures="0" timestamp="03 Oct 2017 20:06:08 GMT" time="1.580" errors="0">
  <testcase name="managerLogin" time="1.580" classname="WebElements.Day2"/>
</testsuite> <!-- WebElements.Day2 -->
