<?xml version="1.0" encoding="UTF-8"?>
<!-- Generated by org.testng.reporters.JUnitReportReporter -->
<testsuite skipped="0" hostname="THR008-QA" name="WebElements.Day6" tests="4" failures="0" timestamp="04 Oct 2017 15:34:08 GMT" time="9.488" errors="0">
  <testcase name="login" time="5.568" classname="WebElements.Day6"/>
  <testcase name="login" time="1.004" classname="WebElements.Day6"/>
  <testcase name="login" time="1.213" classname="WebElements.Day6"/>
  <testcase name="login" time="1.703" classname="WebElements.Day6"/>
</testsuite> <!-- WebElements.Day6 -->
