<?xml version="1.0" encoding="UTF-8"?>
<!-- Generated by org.testng.reporters.JUnitReportReporter -->
<testsuite skipped="0" hostname="THR008-QA" name="WebElements.ScreenShot" tests="1" failures="0" timestamp="02 Oct 2017 12:47:23 GMT" time="0.393" errors="0">
  <testcase name="screenShot" time="0.393" classname="WebElements.ScreenShot"/>
</testsuite> <!-- WebElements.ScreenShot -->
