<?xml version="1.0" encoding="UTF-8"?>
<!-- Generated by org.testng.reporters.JUnitReportReporter -->
<testsuite skipped="0" hostname="THR008-QA" name="WebElements.Day5" tests="4" failures="0" timestamp="29 Sep 2017 21:40:48 GMT" time="6.313" errors="0">
  <testcase name="login" time="1.075" classname="WebElements.Day5"/>
  <testcase name="login" time="0.777" classname="WebElements.Day5"/>
  <testcase name="login" time="3.529" classname="WebElements.Day5"/>
  <testcase name="login" time="0.932" classname="WebElements.Day5"/>
</testsuite> <!-- WebElements.Day5 -->
