<?xml version="1.0" encoding="UTF-8"?>
<!-- Generated by org.testng.reporters.JUnitReportReporter -->
<testsuite skipped="0" hostname="THR008-QA" name="WebElements.testMadhuTest" tests="1" failures="0" timestamp="19 Dec 2017 18:02:34 GMT" time="2.456" errors="0">
  <testcase name="f" time="2.456" classname="WebElements.testMadhuTest"/>
</testsuite> <!-- WebElements.testMadhuTest -->
